<?xml version="1.0" encoding="UTF-8"?>
<testsuite name="CurrencyConverter.TestSuite 1" tests="1" failures="0" errors="0" time="1.948"><properties><property name="soapui.properties" value="soapui.properties"/><property name="java.runtime.name" value="Java(TM) SE Runtime Environment"/><property name="sun.boot.library.path" value="C:\Users\Aruna\soapUI-4.5.2\jre\bin"/><property name="java.vm.version" value="23.7-b01"/><property name="soapui.ext.actions" value="C:\Users\Aruna\soapUI-4.5.2\bin\actions"/><property name="soapui.ext.libraries" value="C:\Users\Aruna\soapUI-4.5.2\bin\ext"/><property name="java.vm.vendor" value="Oracle Corporation"/><property name="java.vendor.url" value="http://java.oracle.com/"/><property name="path.separator" value=";"/><property name="java.vm.name" value="Java HotSpot(TM) 64-Bit Server VM"/><property name="file.encoding.pkg" value="sun.io"/><property name="user.country" value="US"/><property name="user.script" value=""/><property name="sun.java.launcher" value="SUN_STANDARD"/><property name="sun.os.patch.level" value="Service Pack 1"/><property name="java.vm.specification.name" value="Java Virtual Machine Specification"/><property name="user.dir" value="C:\Users\Aruna\soapUI-Tutorials\testsoapui"/><property name="java.runtime.version" value="1.7.0_15-b03"/><property name="java.awt.graphicsenv" value="sun.awt.Win32GraphicsEnvironment"/><property name="java.endorsed.dirs" value="C:\Users\Aruna\soapUI-4.5.2\jre\lib\endorsed"/><property name="os.arch" value="amd64"/><property name="java.io.tmpdir" value="C:\Users\Aruna\AppData\Local\Temp\"/><property name="line.separator" value="
"/><property name="java.vm.specification.vendor" value="Oracle Corporation"/><property name="user.variant" value=""/><property name="os.name" value="Windows 7"/><property name="sun.jnu.encoding" value="Cp1252"/><property name="java.library.path" value="C:\Users\Aruna\soapUI-4.5.2\jre\bin;C:\Windows\Sun\Java\bin;C:\Windows\system32;C:\Windows;C:\Python27\;C:\Python27\Scripts;C:\Windows\SYSTEM32;C:\Windows;C:\Windows\SYSTEM32\WBEM;C:\Windows\SYSTEM32\WINDOWSPOWERSHELL\V1.0\;C:\PROGRAM FILES\INTEL\WIFI\BIN\;C:\PROGRAM FILES\COMMON FILES\INTEL\WIRELESSCOMMON\;C:\Python27\;C:\Python27\Scripts;C:\Windows\SYSTEM32;C:\Windows;C:\Windows\SYSTEM32\WBEM;C:\Windows\SYSTEM32\WINDOWSPOWERSHELL\V1.0\;C:\PROGRAM FILES\INTEL\WIFI\BIN\;C:\PROGRAM FILES\COMMON FILES\INTEL\WIRELESSCOMMON\;C:\Users\Aruna\SeleniumUtitlities\apache-ant-1.9.1-bin\apache-ant-1.9.1\bin;C:\Users\Aruna\SeleniumUtitlities\apache-maven-3.0.4\bin;C:\Program Files\Java\jdk1.7.0_17\bin;."/><property name="soapui.home" value="C:\Users\Aruna\soapUI-4.5.2\bin\"/><property name="sun.awt.enableExtraMouseButtons" value="true"/><property name="java.specification.name" value="Java Platform API Specification"/><property name="java.class.version" value="51.0"/><property name="sun.management.compiler" value="HotSpot 64-Bit Tiered Compilers"/><property name="os.version" value="6.1"/><property name="user.home" value="C:\Users\Aruna"/><property name="user.timezone" value="America/Los_Angeles"/><property name="java.awt.printerjob" value="sun.awt.windows.WPrinterJob"/><property name="file.encoding" value="Cp1252"/><property name="java.specification.version" value="1.7"/><property name="java.class.path" value="C:\Users\Aruna\soapUI-4.5.2\bin\soapui-4.5.2.jar;C:\Users\Aruna\soapUI-4.5.2\bin\..\lib\activation-1.1.jar;C:\Users\Aruna\soapUI-4.5.2\bin\..\lib\bcprov-jdk15-144.jar;C:\Users\Aruna\soapUI-4.5.2\bin\..\lib\binding-2.0.1.jar;C:\Users\Aruna\soapUI-4.5.2\bin\..\lib\cajo-1.142.jar;C:\Users\Aruna\soapUI-4.5.2\bin\..\lib\comfyj-2.9.jar;C:\Users\Aruna\soapUI-4.5.2\bin\..\lib\commons-beanutils-1.7.0.jar;C:\Users\Aruna\soapUI-4.5.2\bin\..\lib\commons-cli-1.0.jar;C:\Users\Aruna\soapUI-4.5.2\bin\..\lib\commons-codec-1.3.jar;C:\Users\Aruna\soapUI-4.5.2\bin\..\lib\commons-collections-3.2.1.jar;C:\Users\Aruna\soapUI-4.5.2\bin\..\lib\commons-httpclient-3.1.jar;C:\Users\Aruna\soapUI-4.5.2\bin\..\lib\commons-io-1.3.2.jar;C:\Users\Aruna\soapUI-4.5.2\bin\..\lib\commons-lang-2.4.jar;C:\Users\Aruna\soapUI-4.5.2\bin\..\lib\commons-logging-1.1.1.jar;C:\Users\Aruna\soapUI-4.5.2\bin\..\lib\cssparser-0.9.5.jar;C:\Users\Aruna\soapUI-4.5.2\bin\..\lib\dom4j-1.6.1.jar;C:\Users\Aruna\soapUI-4.5.2\bin\..\lib\downloader-1.0-SNAPSHOT.jar;C:\Users\Aruna\soapUI-4.5.2\bin\..\lib\engine-gecko-3.3.jar;C:\Users\Aruna\soapUI-4.5.2\bin\..\lib\engine-gecko15-3.3.jar;C:\Users\Aruna\soapUI-4.5.2\bin\..\lib\engine-ie-3.3.jar;C:\Users\Aruna\soapUI-4.5.2\bin\..\lib\engine-webkit-3.3.jar;C:\Users\Aruna\soapUI-4.5.2\bin\..\lib\ezmorph-1.0.5.jar;C:\Users\Aruna\soapUI-4.5.2\bin\..\lib\flex-messaging-common-1.0.jar;C:\Users\Aruna\soapUI-4.5.2\bin\..\lib\flex-messaging-core-1.0.jar;C:\Users\Aruna\soapUI-4.5.2\bin\..\lib\flex-messaging-opt-1.0.jar;C:\Users\Aruna\soapUI-4.5.2\bin\..\lib\flex-messaging-proxy-1.0.jar;C:\Users\Aruna\soapUI-4.5.2\bin\..\lib\flex-messaging-remoting-1.0.jar;C:\Users\Aruna\soapUI-4.5.2\bin\..\lib\forms-1.0.7.jar;C:\Users\Aruna\soapUI-4.5.2\bin\..\lib\groovy-all-1.8.0.jar;C:\Users\Aruna\soapUI-4.5.2\bin\..\lib\guava-14.0.jar;C:\Users\Aruna\soapUI-4.5.2\bin\..\lib\hamcrest-core-1.1.jar;C:\Users\Aruna\soapUI-4.5.2\bin\..\lib\hermes-1.14.jar;C:\Users\Aruna\soapUI-4.5.2\bin\..\lib\htmlunit-2.7.jar;C:\Users\Aruna\soapUI-4.5.2\bin\..\lib\htmlunit-core-js-2.7.jar;C:\Users\Aruna\soapUI-4.5.2\bin\..\lib\httpclient-4.1.1.jar;C:\Users\Aruna\soapUI-4.5.2\bin\..\lib\httpclient-cache-4.1.1.jar;C:\Users\Aruna\soapUI-4.5.2\bin\..\lib\httpcore-4.1.1.jar;C:\Users\Aruna\soapUI-4.5.2\bin\..\lib\httpcore-nio-4.1.1.jar;C:\Users\Aruna\soapUI-4.5.2\bin\..\lib\httpmime-4.1.1.jar;C:\Users\Aruna\soapUI-4.5.2\bin\..\lib\jaxen-1.1-beta-8.jar;C:\Users\Aruna\soapUI-4.5.2\bin\..\lib\jcifs-1.2.9.jar;C:\Users\Aruna\soapUI-4.5.2\bin\..\lib\jdom-1.0.jar;C:\Users\Aruna\soapUI-4.5.2\bin\..\lib\jetty-6.1.26.jar;C:\Users\Aruna\soapUI-4.5.2\bin\..\lib\jetty-util-6.1.26.jar;C:\Users\Aruna\soapUI-4.5.2\bin\..\lib\jms-1.1.jar;C:\Users\Aruna\soapUI-4.5.2\bin\..\lib\jniwrap-3.8.4.jar;C:\Users\Aruna\soapUI-4.5.2\bin\..\lib\joda-time-1.6.2.jar;C:\Users\Aruna\soapUI-4.5.2\bin\..\lib\js-1.7R2.jar;C:\Users\Aruna\soapUI-4.5.2\bin\..\lib\json-lib-2.2.2-jdk15.jar;C:\Users\Aruna\soapUI-4.5.2\bin\..\lib\jsr173_api-1.0.jar;C:\Users\Aruna\soapUI-4.5.2\bin\..\lib\jtidy-r872-jdk15.jar;C:\Users\Aruna\soapUI-4.5.2\bin\..\lib\junit-4.10.jar;C:\Users\Aruna\soapUI-4.5.2\bin\..\lib\jxbrowser-3.3.jar;C:\Users\Aruna\soapUI-4.5.2\bin\..\lib\l2fprod-common-directorychooser-7.3.jar;C:\Users\Aruna\soapUI-4.5.2\bin\..\lib\l2fprod-common-fontchooser-7.3.jar;C:\Users\Aruna\soapUI-4.5.2\bin\..\lib\log4j-1.2.14.jar;C:\Users\Aruna\soapUI-4.5.2\bin\..\lib\looks-2.2.0.jar;C:\Users\Aruna\soapUI-4.5.2\bin\..\lib\mail-1.4.jar;C:\Users\Aruna\soapUI-4.5.2\bin\..\lib\maven-plugin-api-2.0.jar;C:\Users\Aruna\soapUI-4.5.2\bin\..\lib\MozillaInterfaces-3.0.jar;C:\Users\Aruna\soapUI-4.5.2\bin\..\lib\nekohtml-1.9.14.jar;C:\Users\Aruna\soapUI-4.5.2\bin\..\lib\not-yet-commons-ssl-0.3.11.jar;C:\Users\Aruna\soapUI-4.5.2\bin\..\lib\opensaml-2.4.1.jar;C:\Users\Aruna\soapUI-4.5.2\bin\..\lib\openws-1.4.1.jar;C:\Users\Aruna\soapUI-4.5.2\bin\..\lib\rsyntaxtextarea-2.0.1.jar;C:\Users\Aruna\soapUI-4.5.2\bin\..\lib\sac-1.3.jar;C:\Users\Aruna\soapUI-4.5.2\bin\..\lib\saxon-9.1.0.8j.jar;C:\Users\Aruna\soapUI-4.5.2\bin\..\lib\saxon-dom-9.1.0.8j.jar;C:\Users\Aruna\soapUI-4.5.2\bin\..\lib\serializer-2.7.1.jar;C:\Users\Aruna\soapUI-4.5.2\bin\..\lib\servlet-api-2.5-20081211.jar;C:\Users\Aruna\soapUI-4.5.2\bin\..\lib\slf4j-api-1.6.1.jar;C:\Users\Aruna\soapUI-4.5.2\bin\..\lib\swingx-soapui.jar;C:\Users\Aruna\soapUI-4.5.2\bin\..\lib\winpack-3.8.3.jar;C:\Users\Aruna\soapUI-4.5.2\bin\..\lib\ws-commons-util-1.0.2.jar;C:\Users\Aruna\soapUI-4.5.2\bin\..\lib\wsdl4j-1.6.2-fixed.jar;C:\Users\Aruna\soapUI-4.5.2\bin\..\lib\wss4j-1.6.2.jar;C:\Users\Aruna\soapUI-4.5.2\bin\..\lib\xalan-2.7.1.jar;C:\Users\Aruna\soapUI-4.5.2\bin\..\lib\xbean-fixed-2.4.0.jar;C:\Users\Aruna\soapUI-4.5.2\bin\..\lib\xbean_xpath-2.4.0.jar;C:\Users\Aruna\soapUI-4.5.2\bin\..\lib\xercesImpl-2.9.1.jar;C:\Users\Aruna\soapUI-4.5.2\bin\..\lib\xml-apis-1.0.b2.jar;C:\Users\Aruna\soapUI-4.5.2\bin\..\lib\xml-apis-2.9.1.jar;C:\Users\Aruna\soapUI-4.5.2\bin\..\lib\xmlParserAPIs-2.6.2.jar;C:\Users\Aruna\soapUI-4.5.2\bin\..\lib\xmlpublic-2.4.0.jar;C:\Users\Aruna\soapUI-4.5.2\bin\..\lib\xmlsec-1.4.5.jar;C:\Users\Aruna\soapUI-4.5.2\bin\..\lib\xmltooling-1.3.1.jar;C:\Users\Aruna\soapUI-4.5.2\bin\..\lib\xmlunit-1.2.jar;C:\Users\Aruna\soapUI-4.5.2\bin\..\lib\xom-1.1.jar;C:\Users\Aruna\soapUI-4.5.2\bin\..\lib\xstream-1.3.1.jar;C:\Users\Aruna\soapUI-4.5.2\bin\..\lib\xulrunner-windows-3.3.jar;C:\Users\Aruna\soapUI-4.5.2\bin\..\lib\xulrunner15-windows-3.3.jar;"/><property name="user.name" value="Aruna"/><property name="soapui.ext.listeners" value="C:\Users\Aruna\soapUI-4.5.2\bin\listeners"/><property name="java.vm.specification.version" value="1.7"/><property name="sun.java.command" value="com.eviware.soapui.tools.SoapUITestCaseRunner -j -f C:/Users/Aruna/soapUI-Tutorials/testsoapui/soapUIReports C:/Users/Aruna/soapUI-Tutorials/testsoapui/CurrencyConverter-soapui-project.xml"/><property name="java.home" value="C:\Users\Aruna\soapUI-4.5.2\jre"/><property name="sun.arch.data.model" value="64"/><property name="user.language" value="en"/><property name="java.specification.vendor" value="Oracle Corporation"/><property name="awt.toolkit" value="sun.awt.windows.WToolkit"/><property name="java.vm.info" value="mixed mode"/><property name="java.version" value="1.7.0_15"/><property name="java.ext.dirs" value="C:\Users\Aruna\soapUI-4.5.2\jre\lib\ext;C:\Windows\Sun\Java\lib\ext"/><property name="sun.boot.class.path" value="C:\Users\Aruna\soapUI-4.5.2\jre\lib\resources.jar;C:\Users\Aruna\soapUI-4.5.2\jre\lib\rt.jar;C:\Users\Aruna\soapUI-4.5.2\jre\lib\sunrsasign.jar;C:\Users\Aruna\soapUI-4.5.2\jre\lib\jsse.jar;C:\Users\Aruna\soapUI-4.5.2\jre\lib\jce.jar;C:\Users\Aruna\soapUI-4.5.2\jre\lib\charsets.jar;C:\Users\Aruna\soapUI-4.5.2\jre\lib\jfr.jar;C:\Users\Aruna\soapUI-4.5.2\jre\classes"/><property name="java.vendor" value="Oracle Corporation"/><property name="file.separator" value="\"/><property name="java.vendor.url.bug" value="http://bugreport.sun.com/bugreport/"/><property name="sun.io.unicode.encoding" value="UnicodeLittle"/><property name="sun.cpu.endian" value="little"/><property name="sun.desktop" value="windows"/><property name="sun.cpu.isalist" value="amd64"/></properties><testcase name="TestCase 1" time="1.948"/></testsuite>